<?xml version="1.0" encoding="UTF-8"?>
<!-- Generated by org.testng.reporters.JUnitReportReporter -->
<testsuite hostname="RKUBASAPF1Q8PGN" name="com.opentext.bn.lens.cmd.BUCreate_Lens" tests="1" failures="0" timestamp="8 Jan 2020 06:39:18 GMT" time="9.218" errors="0">
  <testcase name="BUCreate_Lens" time="9.218" classname="com.opentext.bn.lens.cmd.BUCreate_Lens"/>
</testsuite> <!-- com.opentext.bn.lens.cmd.BUCreate_Lens -->
