<?xml version="1.0" encoding="UTF-8"?>
<!-- Generated by org.testng.reporters.JUnitReportReporter -->
<testsuite skipped="0" hostname="RKUBASAD5MMYZ1" name="com.opentext.bn.lens.cmd.CMD_Update_update" tests="1" failures="0" timestamp="02 Aug 2019 10:09:57 GMT" time="18.758" errors="0">
  <testcase name="CMD_Update" time="18.758" classname="com.opentext.bn.lens.cmd.CMD_Update_update"/>
</testsuite> <!-- com.opentext.bn.lens.cmd.CMD_Update_update -->
