<?xml version="1.0" encoding="UTF-8"?>
<!-- Generated by org.testng.reporters.JUnitReportReporter -->
<testsuite hostname="RKUBASAPF1Q8PGN" name="com.opentext.bn.lens.cmd.CMD_BUUpdate" tests="1" failures="0" timestamp="6 Sep 2019 06:44:44 GMT" time="4.573" errors="0">
  <testcase name="CMD" time="4.573" classname="com.opentext.bn.lens.cmd.CMD_BUUpdate"/>
</testsuite> <!-- com.opentext.bn.lens.cmd.CMD_BUUpdate -->
