<?xml version="1.0" encoding="UTF-8"?>
<!-- Generated by org.testng.reporters.JUnitReportReporter -->
<testsuite hostname="RKUBASAPF1Q8PGN" name="com.opentext.bn.lens.cmd.Reporting_Test" tests="1" failures="0" timestamp="9 Oct 2019 09:49:04 GMT" time="0.513" errors="0">
  <testcase name="ReportTest" time="0.513" classname="com.opentext.bn.lens.cmd.Reporting_Test"/>
</testsuite> <!-- com.opentext.bn.lens.cmd.Reporting_Test -->
